
[2023-08-15 17:10:42,899: INFO: dataset: Preparing gigaword dataset]

[2023-08-15 17:10:42,902: INFO: dataset_info: Load dataset info from /home/samvel/aca/data/gigaword/1.2.0]

[2023-08-15 17:10:42,904: INFO: dataset_builder: Reusing dataset gigaword (/home/samvel/aca/data/gigaword/1.2.0)]

[2023-08-15 17:10:44,185: INFO: logging_logger: Constructing tf.data.Dataset gigaword for split None, from /home/samvel/aca/data/gigaword/1.2.0]

[2023-08-15 17:11:13,745: INFO: dataset: Preparing gigaword dataset]

[2023-08-15 17:11:13,747: INFO: dataset_info: Load dataset info from /home/samvel/aca/data/gigaword/1.2.0]

[2023-08-15 17:11:13,749: INFO: dataset_builder: Reusing dataset gigaword (/home/samvel/aca/data/gigaword/1.2.0)]

[2023-08-15 17:11:15,029: INFO: logging_logger: Constructing tf.data.Dataset gigaword for split None, from /home/samvel/aca/data/gigaword/1.2.0]

[2023-08-15 17:11:15,613: INFO: utils: Training is started. Good luck! :D]

[2023-08-15 17:11:51,666: INFO: utils: Model saved -> /home/samvel/aca/data/save_weights/08-15-2023_17:11:47_loss-11.0743]

[2023-08-15 17:12:41,439: INFO: dataset: Preparing gigaword dataset]

[2023-08-15 17:12:41,443: INFO: dataset_info: Load dataset info from /home/samvel/aca/data/gigaword/1.2.0]

[2023-08-15 17:12:41,447: INFO: dataset_builder: Reusing dataset gigaword (/home/samvel/aca/data/gigaword/1.2.0)]

[2023-08-15 17:12:42,807: INFO: logging_logger: Constructing tf.data.Dataset gigaword for split None, from /home/samvel/aca/data/gigaword/1.2.0]

[2023-08-15 17:12:43,475: INFO: utils: Training is started. Good luck! :D]

[2023-08-15 17:17:05,976: INFO: dataset: Preparing gigaword dataset]

[2023-08-15 17:17:05,978: INFO: dataset_info: Load dataset info from /home/samvel/aca/data/gigaword/1.2.0]

[2023-08-15 17:17:05,980: INFO: dataset_builder: Reusing dataset gigaword (/home/samvel/aca/data/gigaword/1.2.0)]

[2023-08-15 17:17:07,294: INFO: logging_logger: Constructing tf.data.Dataset gigaword for split None, from /home/samvel/aca/data/gigaword/1.2.0]

[2023-08-15 17:17:07,948: INFO: utils: Training is started. Good luck! :D]

[2023-08-15 17:20:34,438: INFO: utils: Model saved -> /home/samvel/aca/data/save_weights/08-15-2023_17:20:34_loss-11.0935]

[2023-08-15 17:45:43,978: INFO: dataset: Preparing gigaword dataset]

[2023-08-15 17:45:43,981: INFO: dataset_info: Load dataset info from /home/samvel/aca/data/gigaword/1.2.0]

[2023-08-15 17:45:43,984: INFO: dataset_builder: Reusing dataset gigaword (/home/samvel/aca/data/gigaword/1.2.0)]

[2023-08-15 17:45:45,296: INFO: logging_logger: Constructing tf.data.Dataset gigaword for split None, from /home/samvel/aca/data/gigaword/1.2.0]

[2023-08-15 17:45:45,979: INFO: utils: Training is started. Good luck! :D]

[2023-08-15 17:46:48,157: INFO: dataset: Preparing gigaword dataset]

[2023-08-15 17:46:48,159: INFO: dataset_info: Load dataset info from /home/samvel/aca/data/gigaword/1.2.0]

[2023-08-15 17:46:48,161: INFO: dataset_builder: Reusing dataset gigaword (/home/samvel/aca/data/gigaword/1.2.0)]

[2023-08-15 17:46:49,438: INFO: logging_logger: Constructing tf.data.Dataset gigaword for split None, from /home/samvel/aca/data/gigaword/1.2.0]

[2023-08-15 17:46:50,056: INFO: utils: Training is started. Good luck! :D]
